-------------------- Log Start | Sun Jun  2 00:16:05 2024 --------------------
platform: Linux-5.16.17-sun50iw9-aarch64-with-glibc2.31
data_path: /home/biqu/printer_data
is_default_data_path: False
config_file: /home/biqu/printer_data/config/moonraker.conf
startup_warnings: []
verbose: False
debug: False
asyncio_debug: False
is_backup_config: False
is_python_package: False
instance_uuid: b14b6a6422c74db3a14a0ca10562d196
unix_socket_path: /home/biqu/printer_data/comms/moonraker.sock
software_version: v0.8.0-377-g4fe89d5
git_branch: master
git_remote: origin
git_repo_url: https://github.com/Arksine/moonraker.git
modified_files: []
unofficial_components: []
log_file: /home/biqu/printer_data/logs/moonraker.log
python_version: 3.9.2 (default, Feb 28 2021, 17:03:44)  [GCC 10.2.1 20210110]
launch_args: /home/biqu/moonraker-env/bin/python /home/biqu/moonraker/moonraker/moonraker.py -d /home/biqu/printer_data
msgspec_enabled: False
uvloop_enabled: False

#################### Moonraker Configuration ####################

[server]
host = 0.0.0.0
port = 7125
klippy_uds_address = /home/biqu/printer_data/comms/klippy.sock

[authorization]
trusted_clients = 
	10.0.0.0/8
	127.0.0.0/8
	169.254.0.0/16
	172.16.0.0/12
	192.168.0.0/16
	FE80::/10
	::1/128
cors_domains = 
	*.lan
	*.local
	*://localhost
	*://localhost:*
	*://my.mainsail.xyz
	*://app.fluidd.xyz

[octoprint_compat]

[history]

[update_manager]
channel = dev
refresh_interval = 168

[update_manager crowsnest]
type = git_repo
path = ~/crowsnest
origin = https://github.com/mainsail-crew/crowsnest.git
managed_services = crowsnest
install_script = tools/pkglist.sh

[update_manager timelapse]
type = git_repo
primary_branch = main
path = ~/moonraker-timelapse
origin = https://github.com/mainsail-crew/moonraker-timelapse.git
managed_services = klipper moonraker

[update_manager print_area_bed_mesh]
type = git_repo
path = ~/print_area_bed_mesh
origin = https://github.com/Turge08/print_area_bed_mesh.git
is_system_service = False

[update_manager fluidd-config]
type = git_repo
primary_branch = master
path = ~/fluidd-config
origin = https://github.com/fluidd-core/fluidd-config.git
managed_services = klipper

[update_manager fluidd]
type = web
channel = stable
repo = fluidd-core/fluidd
path = ~/fluidd

#################################################################
All Configuration Files:
/home/biqu/printer_data/config/moonraker.conf
#################################################################
Loading Sqlite database provider. Sqlite Version: 3.34.1
Unsafe Shutdown Count: 29

System Info:

***python***
  version: (3, 9, 2, 'final', 0)
  version_string: 3.9.2 (default, Feb 28 2021, 17:03:44)  [GCC 10.2.1 20210110]

***cpu_info***
  cpu_count: 4
  bits: 64bit
  processor: aarch64
  cpu_desc: 
  serial_number: 
  hardware_desc: 
  model: 
  total_memory: 1010636
  memory_units: kB

***sd_info***

***distribution***
  name: BTT-CB1 2.3.4 Bullseye
  id: debian
  version: 11
  version_parts: {'major': '11', 'minor': '', 'build_number': ''}
  like: 
  codename: bullseye
  release_info: {}
  kernel_version: 5.16.17-sun50iw9

***virtualization***
  virt_type: none
  virt_identifier: none

***network***

***canbus***

***Allowed Services***
  klipper_mcu
  webcamd
  MoonCord
  KlipperScreen
  moonraker-telegram-bot
  moonraker-obico
  sonar
  crowsnest
  octoeverywhere
  ratos-configurator
Module libcamera unavailble, import failed

Systemd unit moonraker.service:
unit_name: moonraker.service
is_default: True
manager: systemd
Properties:
**Requires=['-.mount', 'sysinit.target', 'network-online.target', 'system.slice']
**After=['basic.target', 'systemd-journald.socket', 'network-online.target', 'system.slice', 'sysinit.target', '-.mount']
**SupplementaryGroups=['moonraker-admin']
**EnvironmentFiles=/home/biqu/printer_data/systemd/moonraker.env
**ExecStart=/home/biqu/moonraker-env/bin/python $MOONRAKER_ARGS
**WorkingDirectory=/home/biqu/moonraker
**FragmentPath=/etc/systemd/system/moonraker.service
**Description=API Server for Klipper SV1
**User=biqu

Systemd unit klipper.service:
unit_name: klipper.service
is_default: True
manager: systemd
Properties:
**Requires=['-.mount', 'sysinit.target', 'system.slice']
**After=['-.mount', 'sysinit.target', 'systemd-journald.socket', 'network-online.target', 'klipper-mcu.service', 'basic.target', 'system.slice']
**SupplementaryGroups=[]
**EnvironmentFiles=/home/biqu/printer_data/systemd/klipper.env
**ExecStart=/home/biqu/klippy-env/bin/python $KLIPPER_ARGS
**WorkingDirectory=/home/biqu/klipper
**FragmentPath=/etc/systemd/system/klipper.service
**Description=Klipper 3D Printer Firmware SV1
**User=biqu
Git Repo moonraker: No warnings detected
Git Repo klipper: No warnings detected
Git Repo crowsnest: No warnings detected
Git Repo timelapse: No warnings detected
Git Repo print_area_bed_mesh: No warnings detected
Git Repo fluidd-config: No warnings detected
Klipper Version: v0.12.0-207-g6cd17420
2024-06-02 00:16:05,526 [authorization.py:_check_trusted_connection()] - Trusted Connection Detected, IP: 192.168.0.181
2024-06-02 00:16:05,704 [application.py:log_request()] - 101 GET /websocket?token=EOMA6VN2SV2WGWBRXWHPGEK4AC7F6TQU (192.168.0.181) [_TRUSTED_USER_] 10.95ms
2024-06-02 00:16:05,705 [websockets.py:open()] - Websocket Opened: ID: 281472835587520, Proxied: True, User Agent: Mozilla/5.0 (Macintosh; Intel Mac OS X 10_15_7) AppleWebKit/605.1.15 (KHTML, like Gecko) Version/17.5 Safari/605.1.15, Host Name: ender5plusplus.local
2024-06-02 00:16:05,710 [application.py:log_request()] - 101 GET /websocket?token=SFU5N6WEHMOLRYWZ6KA6GK2TZNBDTJU7 (192.168.0.181) [_TRUSTED_USER_] 12.30ms
2024-06-02 00:16:05,712 [websockets.py:open()] - Websocket Opened: ID: 281472835584688, Proxied: True, User Agent: Mozilla/5.0 (Macintosh; Intel Mac OS X 10_15_7) AppleWebKit/605.1.15 (KHTML, like Gecko) Version/17.5 Safari/605.1.15, Host Name: ender5plusplus.local
2024-06-02 00:16:05,723 [websockets.py:_handle_identify()] - Websocket 281472835587520 Client Identified - Name: fluidd, Version: 1.30.0-f3e4ac3, Type: web
2024-06-02 00:16:05,725 [file_manager.py:get_file_list()] - Updating File List <config>...
2024-06-02 00:16:05,798 [websockets.py:_handle_identify()] - Websocket 281472835584688 Client Identified - Name: fluidd, Version: 1.30.0-f3e4ac3, Type: web
2024-06-02 00:16:05,802 [file_manager.py:get_file_list()] - Updating File List <config>...
2024-06-02 00:16:17,868 [application.py:log_request()] - 101 GET /websocket?token=BHEL4E5JZQQ4PUC2OBW3HGBCIMGLNQSL (192.168.0.181) [_TRUSTED_USER_] 5.14ms
2024-06-02 00:16:17,869 [websockets.py:open()] - Websocket Opened: ID: 281472836066944, Proxied: True, User Agent: Mozilla/5.0 (Macintosh; Intel Mac OS X 10_15_7) AppleWebKit/605.1.15 (KHTML, like Gecko) Version/17.5 Safari/605.1.15, Host Name: ender5plusplus.local
2024-06-02 00:16:17,880 [websockets.py:_handle_identify()] - Websocket 281472836066944 Client Identified - Name: fluidd, Version: 1.30.0-f3e4ac3, Type: web
2024-06-02 00:16:17,882 [file_manager.py:get_file_list()] - Updating File List <config>...
2024-06-02 00:16:39,084 [websockets.py:on_close()] - Websocket Closed: ID: 281472836066944 Close Code: 1001, Close Reason: WebSocket is closed due to suspension., Pong Time Elapsed: 1.20
2024-06-02 00:19:04,821 [websockets.py:on_close()] - Websocket Closed: ID: 281472835584688 Close Code: 1001, Close Reason: None, Pong Time Elapsed: 9.10
2024-06-02 00:19:05,106 [application.py:log_request()] - 101 GET /websocket?token=NBJ7S37HNGZDDBHUTPWG3MZOEZNNMS25 (192.168.0.181) [_TRUSTED_USER_] 3.89ms
2024-06-02 00:19:05,107 [websockets.py:open()] - Websocket Opened: ID: 281472835584208, Proxied: True, User Agent: Mozilla/5.0 (Macintosh; Intel Mac OS X 10_15_7) AppleWebKit/605.1.15 (KHTML, like Gecko) Version/17.5 Safari/605.1.15, Host Name: ender5plusplus.local
2024-06-02 00:19:05,119 [websockets.py:_handle_identify()] - Websocket 281472835584208 Client Identified - Name: fluidd, Version: 1.30.0-f3e4ac3, Type: web
2024-06-02 00:19:05,120 [file_manager.py:get_file_list()] - Updating File List <config>...
2024-06-02 00:29:09,358 [application.py:log_request()] - 101 GET /websocket?token=HMCTFBS7MFXZJWAMIMPXYUHCLX66ZOUL (192.168.0.181) [_TRUSTED_USER_] 6.29ms
2024-06-02 00:29:09,359 [websockets.py:open()] - Websocket Opened: ID: 281472835610224, Proxied: True, User Agent: Mozilla/5.0 (Macintosh; Intel Mac OS X 10_15_7) AppleWebKit/605.1.15 (KHTML, like Gecko) Version/17.5 Safari/605.1.15, Host Name: ender5plusplus.local
2024-06-02 00:29:09,377 [websockets.py:_handle_identify()] - Websocket 281472835610224 Client Identified - Name: fluidd, Version: 1.30.0-f3e4ac3, Type: web
2024-06-02 00:29:09,379 [file_manager.py:get_file_list()] - Updating File List <config>...
2024-06-02 00:29:12,472 [websockets.py:on_close()] - Websocket Closed: ID: 281472835610224 Close Code: 1001, Close Reason: None, Pong Time Elapsed: 3.12
2024-06-02 00:29:31,293 [application.py:prepare()] - Upload Request Received from 192.168.0.181
Content-Type: 
2024-06-02 00:29:31,319 [application.py:prepare()] - Upload Request Received from 192.168.0.181
Content-Type: multipart/form-data; boundary=----WebKitFormBoundaryV0vFVl0e6ipTNVKf
2024-06-02 00:29:31,362 [application.py:post()] - Processing Uploaded File: printer.cfg
2024-06-02 00:29:31,388 [application.py:log_request()] - 201 POST /server/files/upload (192.168.0.181) [_TRUSTED_USER_] 71.88ms
2024-06-02 00:29:32,627 [klippy_connection.py:_on_connection_closed()] - Klippy Connection Removed
2024-06-02 00:29:32,674 [common.py:build_error()] - JSON-RPC Request Error - Requested Method: printer.info, Code: 503, Message: Klippy Host not connected
2024-06-02 00:29:32,700 [common.py:build_error()] - JSON-RPC Request Error - Requested Method: printer.info, Code: 503, Message: Klippy Host not connected
2024-06-02 00:29:32,746 [common.py:build_error()] - JSON-RPC Request Error - Requested Method: printer.info, Code: 503, Message: Klippy Host not connected
2024-06-02 00:29:33,909 [klippy_connection.py:_do_connect()] - Klippy Connection Established
2024-06-02 00:29:38,939 [klippy_connection.py:_request_initial_subscriptions()] - Webhooks Subscribed
2024-06-02 00:29:38,943 [klippy_connection.py:_request_initial_subscriptions()] - GCode Output Subscribed
2024-06-02 00:29:39,193 [job_state.py:_handle_started()] - Job state initialized: standby
2024-06-02 00:29:39,480 [klippy_connection.py:_check_ready()] - Klippy ready
2024-06-02 00:29:39,970 [data_store.py:_init_sensors()] - Configuring available sensors: ['temperature_sensor EBB36', 'temperature_sensor CB1', 'heater_bed', 'extruder']
2024-06-02 00:30:27,600 [application.py:prepare()] - Upload Request Received from 192.168.0.181
Content-Type: 
2024-06-02 00:30:27,617 [application.py:prepare()] - Upload Request Received from 192.168.0.181
Content-Type: multipart/form-data; boundary=----WebKitFormBoundaryeUiG9I6afHiScvTA
2024-06-02 00:30:27,647 [application.py:post()] - Processing Uploaded File: printer.cfg
2024-06-02 00:30:27,669 [application.py:log_request()] - 201 POST /server/files/upload (192.168.0.181) [_TRUSTED_USER_] 54.09ms
2024-06-02 00:30:28,946 [klippy_connection.py:_on_connection_closed()] - Klippy Connection Removed
2024-06-02 00:30:28,980 [common.py:build_error()] - JSON-RPC Request Error - Requested Method: printer.info, Code: 503, Message: Klippy Host not connected
2024-06-02 00:30:29,034 [common.py:build_error()] - JSON-RPC Request Error - Requested Method: printer.info, Code: 503, Message: Klippy Host not connected
2024-06-02 00:30:29,151 [common.py:build_error()] - JSON-RPC Request Error - Requested Method: printer.info, Code: 503, Message: Klippy Host not connected
2024-06-02 00:30:30,217 [klippy_connection.py:_do_connect()] - Klippy Connection Established
2024-06-02 00:30:35,291 [klippy_connection.py:_request_initial_subscriptions()] - Webhooks Subscribed
2024-06-02 00:30:35,294 [klippy_connection.py:_request_initial_subscriptions()] - GCode Output Subscribed
2024-06-02 00:30:35,541 [job_state.py:_handle_started()] - Job state initialized: standby
2024-06-02 00:30:35,811 [klippy_connection.py:_check_ready()] - Klippy ready
2024-06-02 00:30:36,325 [data_store.py:_init_sensors()] - Configuring available sensors: ['temperature_sensor EBB36', 'temperature_sensor CB1', 'heater_bed', 'extruder']
2024-06-02 00:31:02,180 [application.py:prepare()] - Upload Request Received from 192.168.0.181
Content-Type: 
2024-06-02 00:31:02,200 [application.py:prepare()] - Upload Request Received from 192.168.0.181
Content-Type: multipart/form-data; boundary=----WebKitFormBoundary4w60of8OJjRVTdxc
2024-06-02 00:31:02,230 [application.py:post()] - Processing Uploaded File: printer.cfg
2024-06-02 00:31:02,251 [application.py:log_request()] - 201 POST /server/files/upload (192.168.0.181) [_TRUSTED_USER_] 53.90ms
2024-06-02 00:31:03,466 [klippy_connection.py:_on_connection_closed()] - Klippy Connection Removed
2024-06-02 00:31:03,535 [common.py:build_error()] - JSON-RPC Request Error - Requested Method: printer.info, Code: 503, Message: Klippy Host not connected
2024-06-02 00:31:03,579 [common.py:build_error()] - JSON-RPC Request Error - Requested Method: printer.info, Code: 503, Message: Klippy Host not connected
2024-06-02 00:31:03,634 [common.py:build_error()] - JSON-RPC Request Error - Requested Method: printer.info, Code: 503, Message: Klippy Host not connected
2024-06-02 00:31:04,738 [klippy_connection.py:_do_connect()] - Klippy Connection Established
2024-06-02 00:31:09,818 [klippy_connection.py:_request_initial_subscriptions()] - Webhooks Subscribed
2024-06-02 00:31:09,821 [klippy_connection.py:_request_initial_subscriptions()] - GCode Output Subscribed
2024-06-02 00:31:10,074 [job_state.py:_handle_started()] - Job state initialized: standby
2024-06-02 00:31:10,339 [klippy_connection.py:_check_ready()] - Klippy ready
2024-06-02 00:31:10,823 [data_store.py:_init_sensors()] - Configuring available sensors: ['temperature_sensor EBB36', 'temperature_sensor CB1', 'heater_bed', 'extruder']
2024-06-02 00:36:21,113 [authorization.py:_check_trusted_connection()] - Trusted Connection Detected, IP: 192.168.0.210
2024-06-02 00:36:21,118 [application.py:log_request()] - 101 GET /websocket (192.168.0.210) [_TRUSTED_USER_] 9.43ms
2024-06-02 00:36:21,120 [websockets.py:open()] - Websocket Opened: ID: 281472834124144, Proxied: True, User Agent: Dart/3.3 (dart:io), Host Name: ender5plusplus.local
2024-06-02 00:36:21,130 [websockets.py:_handle_identify()] - Websocket 281472834124144 Client Identified - Name: Mobileraker-ios, Version: 2.6.19-468, Type: mobile
2024-06-02 00:37:02,285 [websockets.py:on_close()] - Websocket Closed: ID: 281472834124144 Close Code: 1001, Close Reason: None, Pong Time Elapsed: 1.15
2024-06-02 00:37:02,341 [application.py:log_request()] - 101 GET /websocket (192.168.0.210) [_TRUSTED_USER_] 5.13ms
2024-06-02 00:37:02,342 [websockets.py:open()] - Websocket Opened: ID: 281472834122176, Proxied: True, User Agent: Dart/3.3 (dart:io), Host Name: ender5plusplus.local
2024-06-02 00:37:02,353 [websockets.py:_handle_identify()] - Websocket 281472834122176 Client Identified - Name: Mobileraker-ios, Version: 2.6.19-468, Type: mobile
2024-06-02 00:38:02,595 [websockets.py:write_to_socket()] - Websocket closed while writing: 281472834122176
2024-06-02 00:38:07,353 [websockets.py:on_close()] - Websocket Closed: ID: 281472834122176 Close Code: None, Close Reason: None, Pong Time Elapsed: 45.00
2024-06-02 00:41:05,744 [application.py:log_request()] - 101 GET /websocket (192.168.0.210) [_TRUSTED_USER_] 7.62ms
2024-06-02 00:41:05,745 [websockets.py:open()] - Websocket Opened: ID: 281472833919920, Proxied: True, User Agent: Dart/3.3 (dart:io), Host Name: ender5plusplus.local
2024-06-02 00:41:05,761 [application.py:log_request()] - 101 GET /websocket (192.168.0.210) [_TRUSTED_USER_] 7.87ms
2024-06-02 00:41:05,763 [websockets.py:open()] - Websocket Opened: ID: 281472833917328, Proxied: True, User Agent: Dart/3.3 (dart:io), Host Name: ender5plusplus.local
2024-06-02 00:41:05,773 [websockets.py:_handle_identify()] - Websocket 281472833919920 Client Identified - Name: Mobileraker-ios, Version: 2.6.19-468, Type: mobile
2024-06-02 00:41:05,784 [websockets.py:on_close()] - Websocket Closed: ID: 281472833917328 Close Code: 1001, Close Reason: None, Pong Time Elapsed: 0.03
2024-06-02 00:42:27,309 [application.py:prepare()] - Upload Request Received from 192.168.0.210
Content-Type: multipart/form-data; boundary=--dio-boundary-1202538944
2024-06-02 00:42:27,346 [application.py:post()] - Processing Uploaded File: printer.cfg
2024-06-02 00:42:27,367 [application.py:log_request()] - 201 POST /server/files/upload (192.168.0.210) [_TRUSTED_USER_] 65.30ms
2024-06-02 00:42:28,595 [klippy_connection.py:_on_connection_closed()] - Klippy Connection Removed
2024-06-02 00:42:28,714 [common.py:build_error()] - JSON-RPC Request Error - Requested Method: printer.info, Code: 503, Message: Klippy Host not connected
2024-06-02 00:42:28,784 [common.py:build_error()] - JSON-RPC Request Error - Requested Method: printer.info, Code: 503, Message: Klippy Host not connected
2024-06-02 00:42:28,802 [common.py:build_error()] - JSON-RPC Request Error - Requested Method: printer.info, Code: 503, Message: Klippy Host not connected
2024-06-02 00:42:29,864 [klippy_connection.py:_do_connect()] - Klippy Connection Established
2024-06-02 00:42:34,914 [klippy_connection.py:_request_initial_subscriptions()] - Webhooks Subscribed
2024-06-02 00:42:34,917 [klippy_connection.py:_request_initial_subscriptions()] - GCode Output Subscribed
2024-06-02 00:42:35,164 [job_state.py:_handle_started()] - Job state initialized: standby
2024-06-02 00:42:35,435 [klippy_connection.py:_check_ready()] - Klippy ready
2024-06-02 00:42:35,917 [data_store.py:_init_sensors()] - Configuring available sensors: ['temperature_sensor EBB36', 'temperature_sensor CB1', 'heater_bed', 'extruder']
2024-06-02 00:43:35,854 [websockets.py:write_to_socket()] - Websocket closed while writing: 281472833919920
2024-06-02 00:43:40,750 [websockets.py:on_close()] - Websocket Closed: ID: 281472833919920 Close Code: None, Close Reason: None, Pong Time Elapsed: 44.99
2024-06-02 00:52:29,580 [websockets.py:on_close()] - Websocket Closed: ID: 281472835584208 Close Code: None, Close Reason: None, Pong Time Elapsed: 4.46
